2021-05-07 19:28:07,063 [Worker-3: Loading available Gradle versions] INFO  o.e.b.c.i.u.g.PublishedGradleVersions - Gradle version information cache is up-to-date. Trying to read.
2021-05-07 19:32:51,377 [Worker-34: Updating Maven Dependencies] INFO  o.e.m.c.i.l.LifecycleMappingFactory - Using org.maven.ide.eclipse.wtp.WarLifecycleMapping lifecycle mapping for MavenProject: com.ejemplo:JDBCDavidChema:0.0.1-SNAPSHOT @ C:\Users\dapap\OneDrive\Escritorio\CRUD_PMDM-David_Pavo-Chema_Parras\JDBCDavidChema\pom.xml.
2021-05-07 19:32:51,378 [Worker-30: Building] INFO  o.e.m.c.i.l.LifecycleMappingFactory - Using org.maven.ide.eclipse.wtp.WarLifecycleMapping lifecycle mapping for MavenProject: com.ejemplo:JDBCDavidChema:0.0.1-SNAPSHOT @ C:\Users\dapap\OneDrive\Escritorio\CRUD_PMDM-David_Pavo-Chema_Parras\JDBCDavidChema\pom.xml.
2021-05-07 19:32:53,015 [Worker-30: Building] INFO  o.e.m.c.i.embedder.EclipseLogger - Using 'UTF-8' encoding to copy filtered resources.
2021-05-07 19:32:53,022 [Worker-30: Building] INFO  o.e.m.c.i.embedder.EclipseLogger - Copying 0 resource
2021-05-07 19:32:53,026 [Worker-30: Building] INFO  o.e.m.c.i.embedder.EclipseLogger - Using 'UTF-8' encoding to copy filtered resources.
2021-05-07 19:32:53,027 [Worker-30: Building] INFO  o.e.m.c.i.embedder.EclipseLogger - skip non existing resourceDirectory C:\Users\dapap\OneDrive\Escritorio\CRUD_PMDM-David_Pavo-Chema_Parras\JDBCDavidChema\src\test\resources
2021-05-07 19:32:54,702 [Worker-36: Updating Maven Dependencies] INFO  o.e.m.c.i.l.LifecycleMappingFactory - Using org.maven.ide.eclipse.wtp.WarLifecycleMapping lifecycle mapping for MavenProject: com.ejemplo:JDBCDavidChema:0.0.1-SNAPSHOT @ C:\Users\dapap\OneDrive\Escritorio\CRUD_PMDM-David_Pavo-Chema_Parras\JDBCDavidChema\pom.xml.
2021-05-07 19:32:54,912 [Worker-31: Building] INFO  o.e.m.c.i.embedder.EclipseLogger - Using 'UTF-8' encoding to copy filtered resources.
2021-05-07 19:32:54,915 [Worker-31: Building] INFO  o.e.m.c.i.embedder.EclipseLogger - Copying 0 resource
2021-05-07 19:32:54,917 [Worker-31: Building] INFO  o.e.m.c.i.embedder.EclipseLogger - Using 'UTF-8' encoding to copy filtered resources.
2021-05-07 19:32:54,917 [Worker-31: Building] INFO  o.e.m.c.i.embedder.EclipseLogger - skip non existing resourceDirectory C:\Users\dapap\OneDrive\Escritorio\CRUD_PMDM-David_Pavo-Chema_Parras\JDBCDavidChema\src\test\resources
2021-05-07 19:32:56,086 [Worker-35: Building] INFO  o.e.m.c.i.embedder.EclipseLogger - Using 'UTF-8' encoding to copy filtered resources.
2021-05-07 19:32:56,086 [Worker-35: Building] INFO  o.e.m.c.i.embedder.EclipseLogger - Copying 0 resource
2021-05-07 19:32:56,087 [Worker-35: Building] INFO  o.e.m.c.i.embedder.EclipseLogger - Using 'UTF-8' encoding to copy filtered resources.
2021-05-07 19:32:56,088 [Worker-35: Building] INFO  o.e.m.c.i.embedder.EclipseLogger - skip non existing resourceDirectory C:\Users\dapap\OneDrive\Escritorio\CRUD_PMDM-David_Pavo-Chema_Parras\JDBCDavidChema\src\test\resources
2021-05-07 19:33:05,169 [Worker-36: Building] INFO  o.e.m.c.i.embedder.EclipseLogger - Using 'UTF-8' encoding to copy filtered resources.
2021-05-07 19:33:05,170 [Worker-36: Building] INFO  o.e.m.c.i.embedder.EclipseLogger - Copying 0 resource
2021-05-07 19:33:05,171 [Worker-36: Building] INFO  o.e.m.c.i.embedder.EclipseLogger - Using 'UTF-8' encoding to copy filtered resources.
2021-05-07 19:33:05,171 [Worker-36: Building] INFO  o.e.m.c.i.embedder.EclipseLogger - skip non existing resourceDirectory C:\Users\dapap\OneDrive\Escritorio\CRUD_PMDM-David_Pavo-Chema_Parras\JDBCDavidChema\src\test\resources
2021-05-07 19:33:18,433 [Worker-31: Updating Maven Project] INFO  o.e.m.c.i.p.ProjectConfigurationManager - Update started
2021-05-07 19:33:18,791 [Worker-31: Updating Maven Project] INFO  o.e.m.c.i.l.LifecycleMappingFactory - Using org.maven.ide.eclipse.wtp.WarLifecycleMapping lifecycle mapping for MavenProject: com.ejemplo:JDBCDavidChema:0.0.1-SNAPSHOT @ C:\Users\dapap\OneDrive\Escritorio\CRUD_PMDM-David_Pavo-Chema_Parras\JDBCDavidChema\pom.xml.
2021-05-07 19:33:19,633 [Worker-31: Updating Maven Project] INFO  o.e.m.j.i.AbstractJavaProjectConfigurator - Adding source folder /JDBCDavidChema/src/main/java
2021-05-07 19:33:19,634 [Worker-31: Updating Maven Project] INFO  o.e.m.j.i.AbstractJavaProjectConfigurator - Adding resource folder /JDBCDavidChema/src/main/resources
2021-05-07 19:33:19,635 [Worker-31: Updating Maven Project] INFO  o.e.m.j.i.AbstractJavaProjectConfigurator - Adding source folder /JDBCDavidChema/src/test/java
2021-05-07 19:33:20,034 [Worker-31: Updating Maven Project] INFO  o.e.m.w.i.f.ResourceFilteringBuildParticipant - Cleaning filtered folder for JDBCDavidChema
2021-05-07 19:33:20,042 [Worker-31: Updating Maven Project] INFO  o.e.m.c.i.p.ProjectConfigurationManager - Update completed: 1 sec
2021-05-07 19:33:20,431 [Worker-36: Building] INFO  o.e.m.c.i.embedder.EclipseLogger - Using 'UTF-8' encoding to copy filtered resources.
2021-05-07 19:33:20,432 [Worker-36: Building] INFO  o.e.m.c.i.embedder.EclipseLogger - Copying 0 resource
2021-05-07 19:33:20,434 [Worker-36: Building] INFO  o.e.m.c.i.embedder.EclipseLogger - Using 'UTF-8' encoding to copy filtered resources.
2021-05-07 19:33:20,435 [Worker-36: Building] INFO  o.e.m.c.i.embedder.EclipseLogger - skip non existing resourceDirectory C:\Users\dapap\OneDrive\Escritorio\CRUD_PMDM-David_Pavo-Chema_Parras\JDBCDavidChema\src\test\resources
2021-05-07 19:33:20,435 [Worker-36: Building] INFO  o.e.m.w.i.f.ResourceFilteringBuildParticipant - Changed resources require a complete clean of filtered resources of JDBCDavidChema
2021-05-07 19:33:20,436 [Worker-36: Building] INFO  o.e.m.w.i.f.ResourceFilteringBuildParticipant - Executing resource filtering for JDBCDavidChema
2021-05-07 19:33:20,441 [Worker-36: Building] INFO  o.e.m.c.i.embedder.EclipseLogger - Using 'UTF-8' encoding to copy filtered resources.
2021-05-07 19:34:12,386 [Worker-1: Loading available Gradle versions] INFO  o.e.b.c.i.u.g.PublishedGradleVersions - Gradle version information cache is up-to-date. Trying to read.
2021-05-07 19:34:14,941 [Worker-0: Building] INFO  o.e.m.c.i.embedder.EclipseLogger - Using 'UTF-8' encoding to copy filtered resources.
2021-05-07 19:34:14,946 [Worker-0: Building] INFO  o.e.m.c.i.embedder.EclipseLogger - Copying 0 resource
2021-05-07 19:34:14,949 [Worker-0: Building] INFO  o.e.m.c.i.embedder.EclipseLogger - Using 'UTF-8' encoding to copy filtered resources.
2021-05-07 19:34:14,950 [Worker-0: Building] INFO  o.e.m.c.i.embedder.EclipseLogger - skip non existing resourceDirectory C:\Users\dapap\OneDrive\Escritorio\CRUD_PMDM-David_Pavo-Chema_Parras\JDBCDavidChema\src\test\resources
2021-05-07 19:39:28,500 [Worker-2: Loading available Gradle versions] INFO  o.e.b.c.i.u.g.PublishedGradleVersions - Gradle version information cache is up-to-date. Trying to read.
